<?xml version="1.0" encoding="UTF-8"?>
<!-- Generated by org.testng.reporters.JUnitXMLReporter -->
<testsuite ignored="2" hostname="Raj" failures="0" tests="4" name="Test" time="0.154" errors="0" timestamp="2024-08-18T01:12:41 IST">
  <testcase classname="com.composio.base.BaseTest" name="@BeforeTest setup" time="0.016">
    <failure type="java.lang.NullPointerException" message="Cannot invoke &amp;quot;java.util.Properties.getProperty(String)&amp;quot; because &amp;quot;prop&amp;quot; is null">
      <![CDATA[java.lang.NullPointerException: Cannot invoke "java.util.Properties.getProperty(String)" because "prop" is null
at factory.PlaywrightFactory.initBrowser(PlaywrightFactory.java:24)
at com.composio.base.BaseTest.setup(BaseTest.java:26)
... Removed 24 stack frames]]>
    </failure>
  </testcase> <!-- @BeforeTest setup -->
  <testcase classname="com.composio.base.BaseTest" name="@AfterTest tearDown" time="0.0">
    <skipped/>
  </testcase> <!-- @AfterTest tearDown -->
  <testcase classname="com.compsio.test.HomePageTest" name="homepageTitleTest" time="0.0">
    <skipped/>
  </testcase> <!-- homepageTitleTest -->
  <testcase classname="com.compsio.test.HomePageTest" name="searchTest" time="0.0">
    <skipped/>
  </testcase> <!-- searchTest -->
  <testcase classname="com.compsio.test.HomePageTest" name="searchTest" time="0.0">
    <skipped/>
  </testcase> <!-- searchTest -->
  <testcase classname="com.compsio.test.HomePageTest" name="searchTest" time="0.0">
    <skipped/>
  </testcase> <!-- searchTest -->
  <testcase classname="com.composio.base.BaseTest" name="@AfterTest tearDown" time="0.0">
    <ignored/>
  </testcase> <!-- @AfterTest tearDown -->
  <testcase classname="com.composio.base.BaseTest" name="@BeforeTest setup" time="0.0">
    <ignored/>
  </testcase> <!-- @BeforeTest setup -->
</testsuite> <!-- Test -->
