<?xml version="1.0" encoding="UTF-8"?>
<testng-results ignored="0" total="1" passed="1" failed="0" skipped="0">
  <reporter-output>
  </reporter-output>
  <suite started-at="2024-08-18T18:17:07 IST" name="Default suite" finished-at="2024-08-18T18:17:49 IST" duration-ms="41821">
    <groups>
    </groups>
    <test started-at="2024-08-18T18:17:07 IST" name="Default test" finished-at="2024-08-18T18:17:49 IST" duration-ms="41821">
      <class name="com.compsio.test.HomePageTest">
        <test-method is-config="true" signature="setup()[pri:0, instance:com.compsio.test.HomePageTest@2d52216b]" started-at="2024-08-18T18:17:07 IST" name="setup" finished-at="2024-08-18T18:17:15 IST" duration-ms="7858" status="PASS">
          <reporter-output>
          </reporter-output>
        </test-method> <!-- setup -->
        <test-method signature="homepageTest()[pri:0, instance:com.compsio.test.HomePageTest@2d52216b]" started-at="2024-08-18T18:17:15 IST" name="homepageTest" finished-at="2024-08-18T18:17:49 IST" duration-ms="33672" status="PASS">
          <reporter-output>
          </reporter-output>
        </test-method> <!-- homepageTest -->
        <test-method is-config="true" signature="tearDown()[pri:0, instance:com.compsio.test.HomePageTest@2d52216b]" started-at="2024-08-18T18:17:49 IST" name="tearDown" finished-at="2024-08-18T18:17:49 IST" duration-ms="236" status="PASS">
          <reporter-output>
          </reporter-output>
        </test-method> <!-- tearDown -->
      </class> <!-- com.compsio.test.HomePageTest -->
    </test> <!-- Default test -->
  </suite> <!-- Default suite -->
</testng-results>
